This is pdfTeX, Version 3.1415926-2.3-1.40.12 (MiKTeX 2.9) (preloaded format=pdflatex 2012.12.30)  11 JUN 2013 20:47
entering extended mode
**PHP.tex
(C:\inetpub\wwwroot\auswertung\doc\PHP.tex
LaTeX2e <2011/06/27>
Babel <v3.8m> and hyphenation patterns for english, afrikaans, ancientgreek, ar
abic, armenian, assamese, basque, bengali, bokmal, bulgarian, catalan, coptic, 
croatian, czech, danish, dutch, esperanto, estonian, farsi, finnish, french, ga
lician, german, german-x-2009-06-19, greek, gujarati, hindi, hungarian, iceland
ic, indonesian, interlingua, irish, italian, kannada, kurmanji, lao, latin, lat
vian, lithuanian, malayalam, marathi, mongolian, mongolianlmc, monogreek, ngerm
an, ngerman-x-2009-06-19, nynorsk, oriya, panjabi, pinyin, polish, portuguese, 
romanian, russian, sanskrit, serbian, slovak, slovenian, spanish, swedish, swis
sgerman, tamil, telugu, turkish, turkmen, ukenglish, ukrainian, uppersorbian, u
senglishmax, welsh, loaded.
("C:\MiKTeX 2.9\tex\latex\base\article.cls"
Document Class: article 2007/10/19 v1.4h Standard LaTeX document class
("C:\MiKTeX 2.9\tex\latex\base\size10.clo"
File: size10.clo 2007/10/19 v1.4h Standard LaTeX file (size option)
)
\c@part=\count79
\c@section=\count80
\c@subsection=\count81
\c@subsubsection=\count82
\c@paragraph=\count83
\c@subparagraph=\count84
\c@figure=\count85
\c@table=\count86
\abovecaptionskip=\skip41
\belowcaptionskip=\skip42
\bibindent=\dimen102
)
("C:\MiKTeX 2.9\tex\latex\base\inputenc.sty"
Package: inputenc 2008/03/30 v1.1d Input encoding file
\inpenc@prehook=\toks14
\inpenc@posthook=\toks15

("C:\MiKTeX 2.9\tex\latex\base\latin1.def"
File: latin1.def 2008/03/30 v1.1d Input encoding file
))
("C:\MiKTeX 2.9\tex\generic\babel\babel.sty"
Package: babel 2008/07/08 v3.8m The Babel package

*************************************
* Local config file bblopts.cfg used
*
("C:\MiKTeX 2.9\tex\latex\00miktex\bblopts.cfg"
File: bblopts.cfg 2006/07/31 v1.0 MiKTeX 'babel' configuration
)
("C:\MiKTeX 2.9\tex\generic\babel\ngermanb.ldf"
Language: ngermanb 2008/07/06 v2.6n new German support from the babel system

("C:\MiKTeX 2.9\tex\generic\babel\babel.def"
File: babel.def 2008/07/08 v3.8m Babel common definitions
\babel@savecnt=\count87
\U@D=\dimen103
)
\l@naustrian = a dialect from \language\l@ngerman 
Package babel Info: Making " an active character on input line 92.
))
("C:\MiKTeX 2.9\tex\latex\graphics\graphicx.sty"
Package: graphicx 1999/02/16 v1.0f Enhanced LaTeX Graphics (DPC,SPQR)

("C:\MiKTeX 2.9\tex\latex\graphics\keyval.sty"
Package: keyval 1999/03/16 v1.13 key=value parser (DPC)
\KV@toks@=\toks16
)
("C:\MiKTeX 2.9\tex\latex\graphics\graphics.sty"
Package: graphics 2009/02/05 v1.0o Standard LaTeX Graphics (DPC,SPQR)

("C:\MiKTeX 2.9\tex\latex\graphics\trig.sty"
Package: trig 1999/03/16 v1.09 sin cos tan (DPC)
)
("C:\MiKTeX 2.9\tex\latex\00miktex\graphics.cfg"
File: graphics.cfg 2007/01/18 v1.5 graphics configuration of teTeX/TeXLive
)
Package graphics Info: Driver file: pdftex.def on input line 91.

("C:\MiKTeX 2.9\tex\latex\pdftex-def\pdftex.def"
File: pdftex.def 2011/05/27 v0.06d Graphics/color for pdfTeX

("C:\MiKTeX 2.9\tex\generic\oberdiek\infwarerr.sty"
Package: infwarerr 2010/04/08 v1.3 Providing info/warning/error messages (HO)
)
("C:\MiKTeX 2.9\tex\generic\oberdiek\ltxcmds.sty"
Package: ltxcmds 2011/11/09 v1.22 LaTeX kernel commands for general use (HO)
)
\Gread@gobject=\count88
))
\Gin@req@height=\dimen104
\Gin@req@width=\dimen105
)
("C:\MiKTeX 2.9\tex\latex\enumitem\enumitem.sty"
Package: enumitem 2011/09/28 v3.5.2 Customized lists
\labelindent=\skip43
\enit@outerparindent=\dimen106
\enit@toks=\toks17
\enit@inbox=\box26
\enitdp@description=\count89
)
("C:\MiKTeX 2.9\tex\latex\multirow\multirow.sty"
\bigstrutjot=\dimen107
)
("C:\MiKTeX 2.9\tex\latex\threeparttable\threeparttable.sty"
Package: threeparttable 2003/06/13  v 3.0
\@tempboxb=\box27
)
("C:\MiKTeX 2.9\tex\latex\graphics\lscape.sty"
Package: lscape 2000/10/22 v3.01 Landscape Pages (DPC)
)
("C:\MiKTeX 2.9\tex\latex\pdfpages\pdfpages.sty"
Package: pdfpages 2012/04/03 v0.4s Insert pages of external PDF documents (AM)

("C:\MiKTeX 2.9\tex\latex\base\ifthen.sty"
Package: ifthen 2001/05/26 v1.1c Standard LaTeX ifthen package (DPC)
)
("C:\MiKTeX 2.9\tex\latex\tools\calc.sty"
Package: calc 2007/08/22 v4.3 Infix arithmetic (KKT,FJ)
\calc@Acount=\count90
\calc@Bcount=\count91
\calc@Adimen=\dimen108
\calc@Bdimen=\dimen109
\calc@Askip=\skip44
\calc@Bskip=\skip45
LaTeX Info: Redefining \setlength on input line 76.
LaTeX Info: Redefining \addtolength on input line 77.
\calc@Ccount=\count92
\calc@Cskip=\skip46
)
("C:\MiKTeX 2.9\tex\latex\eso-pic\eso-pic.sty"
Package: eso-pic 2010/10/06 v2.0c eso-pic (RN)

("C:\MiKTeX 2.9\tex\generic\oberdiek\atbegshi.sty"
Package: atbegshi 2011/10/05 v1.16 At begin shipout hook (HO)

("C:\MiKTeX 2.9\tex\generic\oberdiek\ifpdf.sty"
Package: ifpdf 2011/01/30 v2.3 Provides the ifpdf switch (HO)
Package ifpdf Info: pdfTeX in PDF mode is detected.
))
("C:\MiKTeX 2.9\tex\latex\xcolor\xcolor.sty"
Package: xcolor 2007/01/21 v2.11 LaTeX color extensions (UK)

("C:\MiKTeX 2.9\tex\latex\00miktex\color.cfg"
File: color.cfg 2007/01/18 v1.5 color configuration of teTeX/TeXLive
)
Package xcolor Info: Driver file: pdftex.def on input line 225.
Package xcolor Info: Model `cmy' substituted by `cmy0' on input line 1337.
Package xcolor Info: Model `hsb' substituted by `rgb' on input line 1341.
Package xcolor Info: Model `RGB' extended on input line 1353.
Package xcolor Info: Model `HTML' substituted by `rgb' on input line 1355.
Package xcolor Info: Model `Hsb' substituted by `hsb' on input line 1356.
Package xcolor Info: Model `tHsb' substituted by `hsb' on input line 1357.
Package xcolor Info: Model `HSB' substituted by `hsb' on input line 1358.
Package xcolor Info: Model `Gray' substituted by `gray' on input line 1359.
Package xcolor Info: Model `wave' substituted by `hsb' on input line 1360.
))
("C:\MiKTeX 2.9\tex\latex\pdfpages\pppdftex.def"
File: pppdftex.def 2012/04/03 v0.4s Pdfpages driver for pdfTeX (AM)
)
\AM@pagebox=\box28
\AM@toc@title=\toks18
\c@AM@survey=\count93
\AM@templatesizebox=\box29
)
("C:\MiKTeX 2.9\tex\latex\fancyhdr\fancyhdr.sty"
\fancy@headwidth=\skip47
\f@ncyO@elh=\skip48
\f@ncyO@erh=\skip49
\f@ncyO@olh=\skip50
\f@ncyO@orh=\skip51
\f@ncyO@elf=\skip52
\f@ncyO@erf=\skip53
\f@ncyO@olf=\skip54
\f@ncyO@orf=\skip55
)
("C:\MiKTeX 2.9\tex\latex\glossaries\base\glossaries.sty"
Package: glossaries 2011/04/12 v3.01 (NLCT)

("C:\MiKTeX 2.9\tex\latex\xkeyval\xkeyval.sty"
Package: xkeyval 2008/08/13 v2.6a package option processing (HA)

("C:\MiKTeX 2.9\tex\generic\xkeyval\xkeyval.tex"
\XKV@toks=\toks19
\XKV@tempa@toks=\toks20
\XKV@depth=\count94
File: xkeyval.tex 2008/08/13 v2.6a key=value parser (HA)
))
("C:\MiKTeX 2.9\tex\latex\glossaries\base\mfirstuc.sty"
Package: mfirstuc 2011/04/02 v1.05 (NLCT)
\@glsmfirst=\toks21
\@glsmrest=\toks22
)
("C:\MiKTeX 2.9\tex\latex\xfor\xfor.sty"
Package: xfor 2009/02/05 v1.05 (NLCT)
)
("C:\MiKTeX 2.9\tex\latex\ams\math\amsgen.sty"
File: amsgen.sty 1999/11/30 v2.0
\@emptytoks=\toks23
\ex@=\dimen110
)
("C:\MiKTeX 2.9\tex\latex\etoolbox\etoolbox.sty"
Package: etoolbox 2011/01/03 v2.1 e-TeX tools for LaTeX

("C:\MiKTeX 2.9\tex\latex\misc\etex.sty"
Package: etex 1998/03/26 v2.0 eTeX basic definition package (PEB)
\et@xins=\count95
)
\etb@tempcnta=\count96
)
("C:\MiKTeX 2.9\tex\latex\beamer\base\translator\translator.sty"
Package: translator 2010/06/12 ver 1.10

("C:\MiKTeX 2.9\tex\latex\beamer\base\translator\translator-language-mappings.t
ex"))
\gls@level=\count97
\@gls@tmpb=\toks24
\gls@tmplen=\skip56
\glswrite=\write3
\glskeylisttok=\toks25
\glslabeltok=\toks26
\glsshorttok=\toks27
\glslongtok=\toks28
 ("C:\MiKTeX 2.9\tex\latex\glossaries\styles\glossary-hypernav.sty"
Package: glossary-hypernav 2007/07/04 v1.01 (NLCT)
)
("C:\MiKTeX 2.9\tex\latex\glossaries\styles\glossary-list.sty"
Package: glossary-list 2011/03/28 v3.0 (NLCT)
\glslistdottedwidth=\skip57
)
("C:\MiKTeX 2.9\tex\latex\glossaries\styles\glossary-long.sty"
Package: glossary-long 2011/03/28 v3.0 (NLCT)

("C:\MiKTeX 2.9\tex\latex\tools\longtable.sty"
Package: longtable 2004/02/01 v4.11 Multi-page Table package (DPC)
\LTleft=\skip58
\LTright=\skip59
\LTpre=\skip60
\LTpost=\skip61
\LTchunksize=\count98
\LTcapwidth=\dimen111
\LT@head=\box30
\LT@firsthead=\box31
\LT@foot=\box32
\LT@lastfoot=\box33
\LT@cols=\count99
\LT@rows=\count100
\c@LT@tables=\count101
\c@LT@chunks=\count102
\LT@p@ftn=\toks29
)
\glsdescwidth=\skip62
\glspagelistwidth=\skip63
)
("C:\MiKTeX 2.9\tex\latex\glossaries\styles\glossary-super.sty"
Package: glossary-super 2011/03/28 v3.0 (NLCT)

("C:\MiKTeX 2.9\tex\latex\supertabular\supertabular.sty"
Package: supertabular 2004/02/20 v4.1e the supertabular environment
\c@tracingst=\count103
\ST@wd=\dimen112
\ST@rightskip=\skip64
\ST@leftskip=\skip65
\ST@parfillskip=\skip66
\ST@pageleft=\dimen113
\ST@headht=\dimen114
\ST@tailht=\dimen115
\ST@pagesofar=\dimen116
\ST@pboxht=\dimen117
\ST@lineht=\dimen118
\ST@stretchht=\dimen119
\ST@prevht=\dimen120
\ST@toadd=\dimen121
\ST@dimen=\dimen122
\ST@pbox=\box34
))
("C:\MiKTeX 2.9\tex\latex\glossaries\styles\glossary-tree.sty"
Package: glossary-tree 2011/03/28 v3.0 (NLCT)
\glstreeindent=\skip67
))
\glo@main@file=\write4
Package glossaries Info: Writing glossary file PHP.glo on input line 12.


Package Fancyhdr Warning: \fancyhead's `E' option without twoside option is use
less on input line 14.


Package Fancyhdr Warning: \fancyhead's `E' option without twoside option is use
less on input line 15.

(C:\inetpub\wwwroot\auswertung\doc\PHP.aux)
LaTeX Font Info:    Checking defaults for OML/cmm/m/it on input line 21.
LaTeX Font Info:    ... okay on input line 21.
LaTeX Font Info:    Checking defaults for T1/cmr/m/n on input line 21.
LaTeX Font Info:    ... okay on input line 21.
LaTeX Font Info:    Checking defaults for OT1/cmr/m/n on input line 21.
LaTeX Font Info:    ... okay on input line 21.
LaTeX Font Info:    Checking defaults for OMS/cmsy/m/n on input line 21.
LaTeX Font Info:    ... okay on input line 21.
LaTeX Font Info:    Checking defaults for OMX/cmex/m/n on input line 21.
LaTeX Font Info:    ... okay on input line 21.
LaTeX Font Info:    Checking defaults for U/cmr/m/n on input line 21.
LaTeX Font Info:    ... okay on input line 21.

("C:\MiKTeX 2.9\tex\context\base\supp-pdf.mkii"
[Loading MPS to PDF converter (version 2006.09.02).]
\scratchcounter=\count104
\scratchdimen=\dimen123
\scratchbox=\box35
\nofMPsegments=\count105
\nofMParguments=\count106
\everyMPshowfont=\toks30
\MPscratchCnt=\count107
\MPscratchDim=\dimen124
\MPnumerator=\count108
\makeMPintoPDFobject=\count109
\everyMPtoPDFconversion=\toks31
)
\AtBeginShipoutBox=\box36
 ("C:\MiKTeX 2.9\tex\latex\glossaries\dict\glossaries-dictionary-English.dict"
Dictionary: glossaries-dictionary, Language: English 
)
LaTeX Font Info:    Try loading font information for OMS+cmr on input line 28.
 ("C:\MiKTeX 2.9\tex\latex\base\omscmr.fd"
File: omscmr.fd 1999/05/25 v2.5h Standard LaTeX font definitions
)
LaTeX Font Info:    Font shape `OMS/cmr/m/n' in size <17.28> not available
(Font)              Font shape `OMS/cmsy/m/n' tried instead on input line 28.
LaTeX Font Info:    External font `cmex10' loaded for size
(Font)              <12> on input line 28.
LaTeX Font Info:    External font `cmex10' loaded for size
(Font)              <8> on input line 28.
LaTeX Font Info:    External font `cmex10' loaded for size
(Font)              <6> on input line 28.

<wsus.jpg, id=1, 237.13594pt x 136.25906pt>
File: wsus.jpg Graphic file (type jpg)
 <use wsus.jpg>
Package pdftex.def Info: wsus.jpg used on input line 32.
(pdftex.def)             Requested size: 284.52756pt x 163.49548pt.
 [1

{C:/Users/gpiano/AppData/Local/MiKTeX/2.9/pdftex/config/pdftex.map} <C:/inetpub
/wwwroot/auswertung/doc/wsus.jpg>] (C:\inetpub\wwwroot\auswertung\doc\PHP.toc
LaTeX Font Info:    External font `cmex10' loaded for size
(Font)              <7> on input line 4.
LaTeX Font Info:    External font `cmex10' loaded for size
(Font)              <5> on input line 4.
)
\tf@toc=\write5
 [2]
(C:\inetpub\wwwroot\auswertung\doc\PHP.gls) [3]
Underfull \hbox (badness 10000) in paragraph at lines 59--61

 []


Overfull \hbox (44.00737pt too wide) in paragraph at lines 64--65
\OT1/cmr/m/n/10 den wer-den. Das Re-po-si-to-ry be-fin-det sich un-ter htt-ps:/
/github.com/pianogen/auswertung. 
 []

[4]
Underfull \hbox (badness 10000) in paragraph at lines 70--80

 []


Underfull \hbox (badness 10000) in paragraph at lines 70--80

 []


Underfull \hbox (badness 10000) in paragraph at lines 70--80

 []


Underfull \hbox (badness 10000) in paragraph at lines 70--80

 []


<C:/inetpub/wwwroot/auswertung/doc/img/Systemumfeld.jpg, id=22, 469.00218pt x 2
46.1697pt>
File: C:/inetpub/wwwroot/auswertung/doc/img/Systemumfeld.jpg Graphic file (type
 jpg)
 <use C:/inetpub/wwwroot/auswertung/doc/img/Systemumfeld.jpg>
Package pdftex.def Info: C:/inetpub/wwwroot/auswertung/doc/img/Systemumfeld.jpg
 used on input line 85.
(pdftex.def)             Requested size: 256.0748pt x 134.40585pt.

[5 <C:/inetpub/wwwroot/auswertung/doc/img/Systemumfeld.jpg>]
<C:/inetpub/wwwroot/auswertung/doc/img/Use_Case.jpg, id=26, 441.90094pt x 328.2
2626pt>
File: C:/inetpub/wwwroot/auswertung/doc/img/Use_Case.jpg Graphic file (type jpg
)
 <use C:/inetpub/wwwroot/auswertung/doc/img/Use_Case.jpg>
Package pdftex.def Info: C:/inetpub/wwwroot/auswertung/doc/img/Use_Case.jpg use
d on input line 98.
(pdftex.def)             Requested size: 384.1122pt x 285.31914pt.

Overfull \hbox (39.1122pt too wide) in paragraph at lines 98--100
 [][] 
 []


Underfull \hbox (badness 10000) in paragraph at lines 90--102

 []


Package Fancyhdr Warning: \headheight is too small (12.0pt): 
 Make it at least 12.37082pt.
 We now make it that large for the rest of the document.
 This may cause the page layout to be inconsistent, however.

[6 <C:/inetpub/wwwroot/auswertung/doc/img/Use_Case.jpg>]
Underfull \hbox (badness 10000) in paragraph at lines 103--109

 []

LaTeX Font Info:    Font shape `OMS/cmr/m/n' in size <10> not available
(Font)              Font shape `OMS/cmsy/m/n' tried instead on input line 111.
[7] [8]
<C:/inetpub/wwwroot/auswertung/doc/img/Datenbank.jpg, id=37, 402.75468pt x 322.
95656pt>
File: C:/inetpub/wwwroot/auswertung/doc/img/Datenbank.jpg Graphic file (type jp
g)
 <use C:/inetpub/wwwroot/auswertung/doc/img/Datenbank.jpg>
Package pdftex.def Info: C:/inetpub/wwwroot/auswertung/doc/img/Datenbank.jpg us
ed on input line 145.
(pdftex.def)             Requested size: 412.56496pt x 330.82564pt.

Overfull \hbox (67.56496pt too wide) in paragraph at lines 145--147
 [][] 
 []

[9 <C:/inetpub/wwwroot/auswertung/doc/img/Datenbank.jpg>] [10]
<C:/inetpub/wwwroot/auswertung/doc/img/entwurf-suchen.jpg, id=47, 484.05844pt x
 197.23688pt>
File: C:/inetpub/wwwroot/auswertung/doc/img/entwurf-suchen.jpg Graphic file (ty
pe jpg)
 <use C:/inetpub/wwwroot/auswertung/doc/img/entwurf-suchen.jpg>
Package pdftex.def Info: C:/inetpub/wwwroot/auswertung/doc/img/entwurf-suchen.j
pg used on input line 198.
(pdftex.def)             Requested size: 284.52756pt x 115.93835pt.

<C:/inetpub/wwwroot/auswertung/doc/img/entwurf-update.jpg, id=48, 403.5075pt x 
195.73125pt>
File: C:/inetpub/wwwroot/auswertung/doc/img/entwurf-update.jpg Graphic file (ty
pe jpg)
 <use C:/inetpub/wwwroot/auswertung/doc/img/entwurf-update.jpg>
Package pdftex.def Info: C:/inetpub/wwwroot/auswertung/doc/img/entwurf-update.j
pg used on input line 203.
(pdftex.def)             Requested size: 284.52756pt x 138.01741pt.

<C:/inetpub/wwwroot/auswertung/doc/img/entwurf-package.jpg, id=49, 385.44pt x 1
53.57375pt>
File: C:/inetpub/wwwroot/auswertung/doc/img/entwurf-package.jpg Graphic file (t
ype jpg)
 <use C:/inetpub/wwwroot/auswertung/doc/img/entwurf-package.jpg>
Package pdftex.def Info: C:/inetpub/wwwroot/auswertung/doc/img/entwurf-package.
jpg used on input line 208.
(pdftex.def)             Requested size: 284.52756pt x 113.36627pt.

Underfull \hbox (badness 10000) in paragraph at lines 195--213

 []

LaTeX Font Info:    Font shape `OMS/cmr/m/n' in size <8> not available
(Font)              Font shape `OMS/cmsy/m/n' tried instead on input line 214.
[11 <C:/inetpub/wwwroot/auswertung/doc/img/entwurf-suchen.jpg>] [12 <C:/inetpub
/wwwroot/auswertung/doc/img/entwurf-update.jpg> <C:/inetpub/wwwroot/auswertung/
doc/img/entwurf-package.jpg>]
Underfull \hbox (badness 10000) in paragraph at lines 224--226

 []


Underfull \hbox (badness 10000) in paragraph at lines 227--230

 []


Underfull \hbox (badness 10000) in paragraph at lines 227--230

 []

[13]
<C:/inetpub/wwwroot/auswertung/doc/img/Klassendiagramm.pdf, id=64, page=1, 597.
23125pt x 845.1575pt>
File: C:/inetpub/wwwroot/auswertung/doc/img/Klassendiagramm.pdf Graphic file (t
ype pdf)

<use C:/inetpub/wwwroot/auswertung/doc/img/Klassendiagramm.pdf, page 1>
Package pdftex.def Info: C:/inetpub/wwwroot/auswertung/doc/img/Klassendiagramm.
pdf, page1 used on input line 230.
(pdftex.def)             Requested size: 597.22978pt x 845.15544pt.
File: C:/inetpub/wwwroot/auswertung/doc/img/Klassendiagramm.pdf Graphic file (t
ype pdf)

<use C:/inetpub/wwwroot/auswertung/doc/img/Klassendiagramm.pdf, page 1>
Package pdftex.def Info: C:/inetpub/wwwroot/auswertung/doc/img/Klassendiagramm.
pdf, page1 used on input line 230.
(pdftex.def)             Requested size: 561.86221pt x 795.10587pt.
File: C:/inetpub/wwwroot/auswertung/doc/img/Klassendiagramm.pdf Graphic file (t
ype pdf)

<use C:/inetpub/wwwroot/auswertung/doc/img/Klassendiagramm.pdf, page 1>
Package pdftex.def Info: C:/inetpub/wwwroot/auswertung/doc/img/Klassendiagramm.
pdf, page1 used on input line 230.
(pdftex.def)             Requested size: 561.86221pt x 795.10587pt.
File: C:/inetpub/wwwroot/auswertung/doc/img/Klassendiagramm.pdf Graphic file (t
ype pdf)

<use C:/inetpub/wwwroot/auswertung/doc/img/Klassendiagramm.pdf, page 1>
Package pdftex.def Info: C:/inetpub/wwwroot/auswertung/doc/img/Klassendiagramm.
pdf, page1 used on input line 230.
(pdftex.def)             Requested size: 561.86221pt x 795.10587pt.
File: C:/inetpub/wwwroot/auswertung/doc/img/Klassendiagramm.pdf Graphic file (t
ype pdf)

<use C:/inetpub/wwwroot/auswertung/doc/img/Klassendiagramm.pdf, page 1>
Package pdftex.def Info: C:/inetpub/wwwroot/auswertung/doc/img/Klassendiagramm.
pdf, page1 used on input line 230.
(pdftex.def)             Requested size: 561.86221pt x 795.10587pt.

[14 <C:/inetpub/wwwroot/auswertung/doc/img/Klassendiagramm.pdf>] [15]
LaTeX Font Info:    Font shape `OMS/cmr/m/it' in size <10> not available
(Font)              Font shape `OMS/cmsy/m/n' tried instead on input line 253.

Underfull \hbox (badness 10000) in paragraph at lines 253--255

 []


Underfull \hbox (badness 10000) in paragraph at lines 253--255

 []

[16]
Underfull \hbox (badness 4168) in paragraph at lines 266--266
\OT1/cmr/m/n/10 dung auf-ge-baut wer-den
 []


Underfull \hbox (badness 7451) in paragraph at lines 267--267
[]\OT1/cmr/m/n/10 Mit Hil-fe ei-nes GET-
 []


Underfull \hbox (badness 7451) in paragraph at lines 269--269
[]\OT1/cmr/m/n/10 Mit Hil-fe ei-nes GET-
 []


Underfull \hbox (badness 1859) in paragraph at lines 269--269
\OT1/cmr/m/n/10 Werts wer-den al-le Pro-
 []


Underfull \hbox (badness 10000) in paragraph at lines 262--271

 []


Overfull \hbox (29.08618pt too wide) in paragraph at lines 262--271
[] 
 []

[17]
Underfull \hbox (badness 7451) in paragraph at lines 275--275
[]\OT1/cmr/m/n/10 Mit Hil-fe ei-nes GET-
 []


Underfull \hbox (badness 1859) in paragraph at lines 275--275
\OT1/cmr/m/n/10 Werts wer-den al-le Pro-
 []


Underfull \hbox (badness 7451) in paragraph at lines 279--279
[]\OT1/cmr/m/n/10 Mit Hil-fe ei-nes GET-
 []


Underfull \hbox (badness 7064) in paragraph at lines 280--280
\OT1/cmr/m/n/10 Me-tho-den der Update-
 []


Underfull \hbox (badness 7451) in paragraph at lines 281--281
[]\OT1/cmr/m/n/10 Mit Hil-fe ei-nes GET-
 []


Underfull \hbox (badness 7451) in paragraph at lines 282--282
[]\OT1/cmr/m/n/10 Mit Hil-fe ei-nes GET-
 []


Underfull \hbox (badness 4205) in paragraph at lines 283--283
[]\OT1/cmr/m/n/10 Es sol-len al-le Up-da-tes
 []


Overfull \hbox (45.62769pt too wide) in paragraph at lines 272--289
[][] 
 []


Underfull \hbox (badness 10000) in paragraph at lines 272--289

 []


Underfull \hbox (badness 10000) in paragraph at lines 272--289

 []

[18]
Underfull \hbox (badness 10000) in paragraph at lines 291--293

 []


Underfull \hbox (badness 10000) in paragraph at lines 294--305

 []


Underfull \hbox (badness 10000) in paragraph at lines 294--305

 []


Underfull \hbox (badness 10000) in paragraph at lines 294--305

 []


Underfull \hbox (badness 10000) in paragraph at lines 294--305

 []


Underfull \hbox (badness 10000) in paragraph at lines 294--305

 []

[19]
Underfull \hbox (badness 10000) in paragraph at lines 306--326

 []


Underfull \hbox (badness 10000) in paragraph at lines 306--326

 []


Underfull \hbox (badness 10000) in paragraph at lines 306--326

 []


Underfull \hbox (badness 10000) in paragraph at lines 306--326

 []


Underfull \hbox (badness 10000) in paragraph at lines 306--326

 []


Underfull \hbox (badness 10000) in paragraph at lines 306--326

 []


Underfull \hbox (badness 10000) in paragraph at lines 306--326

 []


Underfull \hbox (badness 10000) in paragraph at lines 306--326

 []

[20]
Underfull \hbox (badness 10000) in paragraph at lines 329--334

 []


Underfull \hbox (badness 10000) in paragraph at lines 329--334

 []

[21]
<C:/inetpub/wwwroot/auswertung/doc/img/Planung.pdf, id=98, page=1, 845.1575pt x
 597.23125pt>
File: C:/inetpub/wwwroot/auswertung/doc/img/Planung.pdf Graphic file (type pdf)

 <use C:/inetpub/wwwroot/auswertung/doc/img/Planung.pdf, page 1>
Package pdftex.def Info: C:/inetpub/wwwroot/auswertung/doc/img/Planung.pdf, pag
e1 used on input line 341.
(pdftex.def)             Requested size: 845.15544pt x 597.22978pt.
File: C:/inetpub/wwwroot/auswertung/doc/img/Planung.pdf Graphic file (type pdf)


<use C:/inetpub/wwwroot/auswertung/doc/img/Planung.pdf, page 1>
Package pdftex.def Info: C:/inetpub/wwwroot/auswertung/doc/img/Planung.pdf, pag
e1 used on input line 341.
(pdftex.def)             Requested size: 614.40643pt x 434.1708pt.
File: C:/inetpub/wwwroot/auswertung/doc/img/Planung.pdf Graphic file (type pdf)


<use C:/inetpub/wwwroot/auswertung/doc/img/Planung.pdf, page 1>
Package pdftex.def Info: C:/inetpub/wwwroot/auswertung/doc/img/Planung.pdf, pag
e1 used on input line 341.
(pdftex.def)             Requested size: 614.40643pt x 434.1708pt.
File: C:/inetpub/wwwroot/auswertung/doc/img/Planung.pdf Graphic file (type pdf)


<use C:/inetpub/wwwroot/auswertung/doc/img/Planung.pdf, page 1>
Package pdftex.def Info: C:/inetpub/wwwroot/auswertung/doc/img/Planung.pdf, pag
e1 used on input line 341.
(pdftex.def)             Requested size: 614.40643pt x 434.1708pt.
File: C:/inetpub/wwwroot/auswertung/doc/img/Planung.pdf Graphic file (type pdf)


<use C:/inetpub/wwwroot/auswertung/doc/img/Planung.pdf, page 1>
Package pdftex.def Info: C:/inetpub/wwwroot/auswertung/doc/img/Planung.pdf, pag
e1 used on input line 341.
(pdftex.def)             Requested size: 614.40643pt x 434.1708pt.
 [22 <C:/inetpub/wwwroot/auswertung/doc/img/Planung.pdf, page is rotated 90 deg
rees>]
Underfull \hbox (badness 10000) in paragraph at lines 354--356
[]\OT1/cmr/m/n/10 Microsoft SQL Ser-ver Dri-ver for PHP:
 []

[23] (C:\inetpub\wwwroot\auswertung\doc\PHP.aux) ) 
Here is how much of TeX's memory you used:
 5939 strings out of 494045
 85817 string characters out of 3148383
 167152 words of memory out of 3000000
 9110 multiletter control sequences out of 15000+200000
 8851 words of font info for 31 fonts, out of 3000000 for 9000
 715 hyphenation exceptions out of 8191
 38i,18n,50p,1314b,513s stack positions out of 5000i,500n,10000p,200000b,50000s
<C:/MiKTeX 2.9/fonts/type1/pu
blic/amsfonts/cm/cmbx10.pfb><C:/MiKTeX 2.9/fonts/type1/public/amsfonts/cm/cmbx1
2.pfb><C:/MiKTeX 2.9/fonts/type1/public/amsfonts/cm/cmr10.pfb><C:/MiKTeX 2.9/fo
nts/type1/public/amsfonts/cm/cmr12.pfb><C:/MiKTeX 2.9/fonts/type1/public/amsfon
ts/cm/cmr17.pfb><C:/MiKTeX 2.9/fonts/type1/public/amsfonts/cm/cmr6.pfb><C:/MiKT
eX 2.9/fonts/type1/public/amsfonts/cm/cmr7.pfb><C:/MiKTeX 2.9/fonts/type1/publi
c/amsfonts/cm/cmr8.pfb><C:/MiKTeX 2.9/fonts/type1/public/amsfonts/cm/cmsl10.pfb
><C:/MiKTeX 2.9/fonts/type1/public/amsfonts/cm/cmsy10.pfb><C:/MiKTeX 2.9/fonts/
type1/public/amsfonts/cm/cmsy8.pfb><C:/MiKTeX 2.9/fonts/type1/public/amsfonts/c
m/cmti10.pfb>
Output written on PHP.pdf (23 pages, 445137 bytes).
PDF statistics:
 153 PDF objects out of 1000 (max. 8388607)
 0 named destinations out of 1000 (max. 500000)
 66 words of extra memory for PDF output out of 10000 (max. 10000000)

